{
  "stats": {
    "suites": 1,
    "tests": 1,
    "passes": 1,
    "pending": 0,
    "failures": 0,
    "start": "2020-07-27T15:19:49.909Z",
    "end": "2020-07-27T15:20:00.113Z",
    "duration": 10204,
    "testsRegistered": 1,
    "passPercent": 100,
    "pendingPercent": 0,
    "other": 0,
    "hasOther": false,
    "skipped": 0,
    "hasSkipped": false
  },
  "results": [
    {
      "uuid": "0a72ada0-a94b-43d6-8152-9da6bcbe3507",
      "title": "",
      "fullFile": "cypress/integration/primarybidQA/TC03_News.spec.js",
      "file": "cypress/integration/primarybidQA/TC03_News.spec.js",
      "beforeHooks": [],
      "afterHooks": [],
      "tests": [],
      "suites": [
        {
          "uuid": "f1be1621-4933-4809-abbd-30afcb4dffb0",
          "title": "News Tab Link",
          "fullFile": "",
          "file": "",
          "beforeHooks": [],
          "afterHooks": [],
          "tests": [
            {
              "title": "Navigate To FAQs Page ",
              "fullTitle": "News Tab Link Navigate To FAQs Page ",
              "timedOut": null,
              "duration": 10173,
              "state": "passed",
              "speed": "slow",
              "pass": true,
              "fail": false,
              "pending": false,
              "context": null,
              "code": "var username = Cypress.env('username');\nvar password = Cypress.env('password');\ncy.visit('https://playground.primarybid.com', {\n  auth: {\n    username: username,\n    password: password\n  }\n});\ncy.wait(3000);\ncy.contains('News').should('be.visible').click();\ncy.contains('Featured Content').should('be.visible');\ncy.contains('All Content').should('be.visible');\ncy.wait(3000);\ncy.get('[data-testid=news-filter-button]').click();\ncy.wait(3000);\ncy.get('[data-testid=news-filter-checkbox-Webinar').click({\n  force: true\n});",
              "err": {},
              "uuid": "b018185f-59c2-4be7-b6b6-6ed3a2a367f8",
              "parentUUID": "f1be1621-4933-4809-abbd-30afcb4dffb0",
              "isHook": false,
              "skipped": false
            }
          ],
          "suites": [],
          "passes": [
            "b018185f-59c2-4be7-b6b6-6ed3a2a367f8"
          ],
          "failures": [],
          "pending": [],
          "skipped": [],
          "duration": 10173,
          "root": false,
          "rootEmpty": false,
          "_timeout": 2000
        }
      ],
      "passes": [],
      "failures": [],
      "pending": [],
      "skipped": [],
      "duration": 0,
      "root": true,
      "rootEmpty": true,
      "_timeout": 2000
    }
  ],
  "meta": {
    "mocha": {
      "version": "7.0.1"
    },
    "mochawesome": {
      "options": {
        "quiet": false,
        "reportFilename": "mochawesome",
        "saveHtml": false,
        "saveJson": true,
        "consoleReporter": "spec",
        "useInlineDiffs": false,
        "code": true
      },
      "version": "6.1.1"
    },
    "marge": {
      "options": {
        "id": "default",
        "reportDir": "cypress/reports/mocha",
        "quite": true,
        "overwrite": false,
        "html": false,
        "json": true
      },
      "version": "5.1.0"
    }
  }
}