{
  "stats": {
    "suites": 1,
    "tests": 1,
    "passes": 1,
    "pending": 0,
    "failures": 0,
    "start": "2020-07-27T15:20:03.079Z",
    "end": "2020-07-27T15:20:21.002Z",
    "duration": 17923,
    "testsRegistered": 1,
    "passPercent": 100,
    "pendingPercent": 0,
    "other": 0,
    "hasOther": false,
    "skipped": 0,
    "hasSkipped": false
  },
  "results": [
    {
      "uuid": "f7ba4025-c319-4155-8930-2f44b085bf02",
      "title": "",
      "fullFile": "cypress/integration/primarybidQA/TC04_SignUp.spec.js",
      "file": "cypress/integration/primarybidQA/TC04_SignUp.spec.js",
      "beforeHooks": [],
      "afterHooks": [],
      "tests": [],
      "suites": [
        {
          "uuid": "5c08149f-8e29-4c8f-bb1a-b38b9f41361e",
          "title": "SignUp Tab Link",
          "fullFile": "",
          "file": "",
          "beforeHooks": [],
          "afterHooks": [],
          "tests": [
            {
              "title": "Navigate To Sign Up Page ",
              "fullTitle": "SignUp Tab Link Navigate To Sign Up Page ",
              "timedOut": null,
              "duration": 17907,
              "state": "passed",
              "speed": "slow",
              "pass": true,
              "fail": false,
              "pending": false,
              "context": null,
              "code": "var username = Cypress.env('username');\nvar password = Cypress.env('password');\ncy.visit('https://playground.primarybid.com', {\n  auth: {\n    username: username,\n    password: password\n  }\n});\ncy.wait(3000);\ncy.contains('Sign up').should('be.visible').click();\nfunction Name_Alpha_Email() {\n  var text = \"\";\n  var possible = \"abcdefghijk123456\";\n  for (var i = 0; i < 10; i++) {\n    text += possible.charAt(Math.floor(Math.random() * possible.length));\n  }\n  return text + \"@gmail.com\";\n} //generate the email and store it in a variable\n\nvar randomEmail = Name_Alpha_Email();\ncy.get('input[name=\"email\"]').type(randomEmail);\ncy.wait(3000);\ncy.get('input[name=\"password\"]').type('Allstar27');\ncy.wait(3000);\ncy.get('input[name=\"confirmPassword\"]').type('Allstar27');\ncy.wait(3000);\ncy.get('.cta-1').click();\ncy.wait(3000);",
              "err": {},
              "uuid": "0474207d-b807-4e65-928f-c0a8d8ac6099",
              "parentUUID": "5c08149f-8e29-4c8f-bb1a-b38b9f41361e",
              "isHook": false,
              "skipped": false
            }
          ],
          "suites": [],
          "passes": [
            "0474207d-b807-4e65-928f-c0a8d8ac6099"
          ],
          "failures": [],
          "pending": [],
          "skipped": [],
          "duration": 17907,
          "root": false,
          "rootEmpty": false,
          "_timeout": 2000
        }
      ],
      "passes": [],
      "failures": [],
      "pending": [],
      "skipped": [],
      "duration": 0,
      "root": true,
      "rootEmpty": true,
      "_timeout": 2000
    }
  ],
  "meta": {
    "mocha": {
      "version": "7.0.1"
    },
    "mochawesome": {
      "options": {
        "quiet": false,
        "reportFilename": "mochawesome",
        "saveHtml": false,
        "saveJson": true,
        "consoleReporter": "spec",
        "useInlineDiffs": false,
        "code": true
      },
      "version": "6.1.1"
    },
    "marge": {
      "options": {
        "id": "default",
        "reportDir": "cypress/reports/mocha",
        "quite": true,
        "overwrite": false,
        "html": false,
        "json": true
      },
      "version": "5.1.0"
    }
  }
}