{
  "stats": {
    "suites": 1,
    "tests": 1,
    "passes": 1,
    "pending": 0,
    "failures": 0,
    "start": "2020-07-27T15:19:42.951Z",
    "end": "2020-07-27T15:19:47.139Z",
    "duration": 4188,
    "testsRegistered": 1,
    "passPercent": 100,
    "pendingPercent": 0,
    "other": 0,
    "hasOther": false,
    "skipped": 0,
    "hasSkipped": false
  },
  "results": [
    {
      "uuid": "75ff92db-6861-4576-8ff3-358efb5fdcda",
      "title": "",
      "fullFile": "cypress/integration/primarybidQA/TC02_FAQ.spec.js",
      "file": "cypress/integration/primarybidQA/TC02_FAQ.spec.js",
      "beforeHooks": [],
      "afterHooks": [],
      "tests": [],
      "suites": [
        {
          "uuid": "70d414b3-970f-4308-8e64-1ab9267a8dda",
          "title": "FAQs Tab Link",
          "fullFile": "",
          "file": "",
          "beforeHooks": [],
          "afterHooks": [],
          "tests": [
            {
              "title": "Navigate To FAQs Page ",
              "fullTitle": "FAQs Tab Link Navigate To FAQs Page ",
              "timedOut": null,
              "duration": 4176,
              "state": "passed",
              "speed": "slow",
              "pass": true,
              "fail": false,
              "pending": false,
              "context": null,
              "code": "var username = Cypress.env('username');\nvar password = Cypress.env('password');\ncy.visit('https://playground.primarybid.com', {\n  auth: {\n    username: username,\n    password: password\n  }\n});\ncy.wait(3000);\ncy.contains('FAQs').should('be.visible').click();",
              "err": {},
              "uuid": "7a90cc4c-2437-45af-b0af-fa1962c5a97a",
              "parentUUID": "70d414b3-970f-4308-8e64-1ab9267a8dda",
              "isHook": false,
              "skipped": false
            }
          ],
          "suites": [],
          "passes": [
            "7a90cc4c-2437-45af-b0af-fa1962c5a97a"
          ],
          "failures": [],
          "pending": [],
          "skipped": [],
          "duration": 4176,
          "root": false,
          "rootEmpty": false,
          "_timeout": 2000
        }
      ],
      "passes": [],
      "failures": [],
      "pending": [],
      "skipped": [],
      "duration": 0,
      "root": true,
      "rootEmpty": true,
      "_timeout": 2000
    }
  ],
  "meta": {
    "mocha": {
      "version": "7.0.1"
    },
    "mochawesome": {
      "options": {
        "quiet": false,
        "reportFilename": "mochawesome",
        "saveHtml": false,
        "saveJson": true,
        "consoleReporter": "spec",
        "useInlineDiffs": false,
        "code": true
      },
      "version": "6.1.1"
    },
    "marge": {
      "options": {
        "id": "default",
        "reportDir": "cypress/reports/mocha",
        "quite": true,
        "overwrite": false,
        "html": false,
        "json": true
      },
      "version": "5.1.0"
    }
  }
}