{
  "stats": {
    "suites": 5,
    "tests": 5,
    "passes": 5,
    "pending": 0,
    "failures": 0,
    "start": "2020-07-27T15:20:41.703Z",
    "end": "2020-07-27T15:20:41.704Z",
    "duration": 51000,
    "testsRegistered": 5,
    "passPercent": 100,
    "pendingPercent": 0,
    "other": 0,
    "hasOther": false,
    "skipped": 0,
    "hasSkipped": false
  },
  "results": [
    {
      "uuid": "ed232b28-22d6-4b51-a5fd-c44d9cebb3c2",
      "title": "",
      "fullFile": "cypress/integration/primarybidQA/TC01_AboutUs.spec.js",
      "file": "cypress/integration/primarybidQA/TC01_AboutUs.spec.js",
      "beforeHooks": [],
      "afterHooks": [],
      "tests": [],
      "suites": [
        {
          "uuid": "020cd9b7-d021-4e25-9015-7f6f64de9faa",
          "title": "About Tab Link",
          "fullFile": "",
          "file": "",
          "beforeHooks": [],
          "afterHooks": [],
          "tests": [
            {
              "title": "Navigate About Us Page ",
              "fullTitle": "About Tab Link Navigate About Us Page ",
              "timedOut": null,
              "duration": 4380,
              "state": "passed",
              "speed": "slow",
              "pass": true,
              "fail": false,
              "pending": false,
              "context": null,
              "code": "var username = Cypress.env('username');\nvar password = Cypress.env('password');\ncy.visit('https://playground.primarybid.com', {\n  auth: {\n    username: username,\n    password: password\n  }\n});\ncy.wait(3000);\ncy.contains('About Us').should('be.visible').click();",
              "err": {},
              "uuid": "2fe6647d-83a2-4b58-a3a5-bcb8266dc095",
              "parentUUID": "020cd9b7-d021-4e25-9015-7f6f64de9faa",
              "isHook": false,
              "skipped": false
            }
          ],
          "suites": [],
          "passes": [
            "2fe6647d-83a2-4b58-a3a5-bcb8266dc095"
          ],
          "failures": [],
          "pending": [],
          "skipped": [],
          "duration": 4380,
          "root": false,
          "rootEmpty": false,
          "_timeout": 2000
        }
      ],
      "passes": [],
      "failures": [],
      "pending": [],
      "skipped": [],
      "duration": 0,
      "root": true,
      "rootEmpty": true,
      "_timeout": 2000
    },
    {
      "uuid": "75ff92db-6861-4576-8ff3-358efb5fdcda",
      "title": "",
      "fullFile": "cypress/integration/primarybidQA/TC02_FAQ.spec.js",
      "file": "cypress/integration/primarybidQA/TC02_FAQ.spec.js",
      "beforeHooks": [],
      "afterHooks": [],
      "tests": [],
      "suites": [
        {
          "uuid": "70d414b3-970f-4308-8e64-1ab9267a8dda",
          "title": "FAQs Tab Link",
          "fullFile": "",
          "file": "",
          "beforeHooks": [],
          "afterHooks": [],
          "tests": [
            {
              "title": "Navigate To FAQs Page ",
              "fullTitle": "FAQs Tab Link Navigate To FAQs Page ",
              "timedOut": null,
              "duration": 4176,
              "state": "passed",
              "speed": "slow",
              "pass": true,
              "fail": false,
              "pending": false,
              "context": null,
              "code": "var username = Cypress.env('username');\nvar password = Cypress.env('password');\ncy.visit('https://playground.primarybid.com', {\n  auth: {\n    username: username,\n    password: password\n  }\n});\ncy.wait(3000);\ncy.contains('FAQs').should('be.visible').click();",
              "err": {},
              "uuid": "7a90cc4c-2437-45af-b0af-fa1962c5a97a",
              "parentUUID": "70d414b3-970f-4308-8e64-1ab9267a8dda",
              "isHook": false,
              "skipped": false
            }
          ],
          "suites": [],
          "passes": [
            "7a90cc4c-2437-45af-b0af-fa1962c5a97a"
          ],
          "failures": [],
          "pending": [],
          "skipped": [],
          "duration": 4176,
          "root": false,
          "rootEmpty": false,
          "_timeout": 2000
        }
      ],
      "passes": [],
      "failures": [],
      "pending": [],
      "skipped": [],
      "duration": 0,
      "root": true,
      "rootEmpty": true,
      "_timeout": 2000
    },
    {
      "uuid": "0a72ada0-a94b-43d6-8152-9da6bcbe3507",
      "title": "",
      "fullFile": "cypress/integration/primarybidQA/TC03_News.spec.js",
      "file": "cypress/integration/primarybidQA/TC03_News.spec.js",
      "beforeHooks": [],
      "afterHooks": [],
      "tests": [],
      "suites": [
        {
          "uuid": "f1be1621-4933-4809-abbd-30afcb4dffb0",
          "title": "News Tab Link",
          "fullFile": "",
          "file": "",
          "beforeHooks": [],
          "afterHooks": [],
          "tests": [
            {
              "title": "Navigate To FAQs Page ",
              "fullTitle": "News Tab Link Navigate To FAQs Page ",
              "timedOut": null,
              "duration": 10173,
              "state": "passed",
              "speed": "slow",
              "pass": true,
              "fail": false,
              "pending": false,
              "context": null,
              "code": "var username = Cypress.env('username');\nvar password = Cypress.env('password');\ncy.visit('https://playground.primarybid.com', {\n  auth: {\n    username: username,\n    password: password\n  }\n});\ncy.wait(3000);\ncy.contains('News').should('be.visible').click();\ncy.contains('Featured Content').should('be.visible');\ncy.contains('All Content').should('be.visible');\ncy.wait(3000);\ncy.get('[data-testid=news-filter-button]').click();\ncy.wait(3000);\ncy.get('[data-testid=news-filter-checkbox-Webinar').click({\n  force: true\n});",
              "err": {},
              "uuid": "b018185f-59c2-4be7-b6b6-6ed3a2a367f8",
              "parentUUID": "f1be1621-4933-4809-abbd-30afcb4dffb0",
              "isHook": false,
              "skipped": false
            }
          ],
          "suites": [],
          "passes": [
            "b018185f-59c2-4be7-b6b6-6ed3a2a367f8"
          ],
          "failures": [],
          "pending": [],
          "skipped": [],
          "duration": 10173,
          "root": false,
          "rootEmpty": false,
          "_timeout": 2000
        }
      ],
      "passes": [],
      "failures": [],
      "pending": [],
      "skipped": [],
      "duration": 0,
      "root": true,
      "rootEmpty": true,
      "_timeout": 2000
    },
    {
      "uuid": "f7ba4025-c319-4155-8930-2f44b085bf02",
      "title": "",
      "fullFile": "cypress/integration/primarybidQA/TC04_SignUp.spec.js",
      "file": "cypress/integration/primarybidQA/TC04_SignUp.spec.js",
      "beforeHooks": [],
      "afterHooks": [],
      "tests": [],
      "suites": [
        {
          "uuid": "5c08149f-8e29-4c8f-bb1a-b38b9f41361e",
          "title": "SignUp Tab Link",
          "fullFile": "",
          "file": "",
          "beforeHooks": [],
          "afterHooks": [],
          "tests": [
            {
              "title": "Navigate To Sign Up Page ",
              "fullTitle": "SignUp Tab Link Navigate To Sign Up Page ",
              "timedOut": null,
              "duration": 17907,
              "state": "passed",
              "speed": "slow",
              "pass": true,
              "fail": false,
              "pending": false,
              "context": null,
              "code": "var username = Cypress.env('username');\nvar password = Cypress.env('password');\ncy.visit('https://playground.primarybid.com', {\n  auth: {\n    username: username,\n    password: password\n  }\n});\ncy.wait(3000);\ncy.contains('Sign up').should('be.visible').click();\nfunction Name_Alpha_Email() {\n  var text = \"\";\n  var possible = \"abcdefghijk123456\";\n  for (var i = 0; i < 10; i++) {\n    text += possible.charAt(Math.floor(Math.random() * possible.length));\n  }\n  return text + \"@gmail.com\";\n} //generate the email and store it in a variable\n\nvar randomEmail = Name_Alpha_Email();\ncy.get('input[name=\"email\"]').type(randomEmail);\ncy.wait(3000);\ncy.get('input[name=\"password\"]').type('Allstar27');\ncy.wait(3000);\ncy.get('input[name=\"confirmPassword\"]').type('Allstar27');\ncy.wait(3000);\ncy.get('.cta-1').click();\ncy.wait(3000);",
              "err": {},
              "uuid": "0474207d-b807-4e65-928f-c0a8d8ac6099",
              "parentUUID": "5c08149f-8e29-4c8f-bb1a-b38b9f41361e",
              "isHook": false,
              "skipped": false
            }
          ],
          "suites": [],
          "passes": [
            "0474207d-b807-4e65-928f-c0a8d8ac6099"
          ],
          "failures": [],
          "pending": [],
          "skipped": [],
          "duration": 17907,
          "root": false,
          "rootEmpty": false,
          "_timeout": 2000
        }
      ],
      "passes": [],
      "failures": [],
      "pending": [],
      "skipped": [],
      "duration": 0,
      "root": true,
      "rootEmpty": true,
      "_timeout": 2000
    },
    {
      "uuid": "905417b8-3c2b-4ebd-a385-32ad2813ea3b",
      "title": "",
      "fullFile": "cypress/integration/primarybidQA/TC05_SignUpVadlidate.spec.js",
      "file": "cypress/integration/primarybidQA/TC05_SignUpVadlidate.spec.js",
      "beforeHooks": [],
      "afterHooks": [],
      "tests": [],
      "suites": [
        {
          "uuid": "f4193689-eda9-46bf-a132-c425b7093a2f",
          "title": "SignUp Validate Link",
          "fullFile": "",
          "file": "",
          "beforeHooks": [],
          "afterHooks": [],
          "tests": [
            {
              "title": "Navigate To Sign Up Page ",
              "fullTitle": "SignUp Validate Link Navigate To Sign Up Page ",
              "timedOut": null,
              "duration": 14364,
              "state": "passed",
              "speed": "slow",
              "pass": true,
              "fail": false,
              "pending": false,
              "context": null,
              "code": "var username = Cypress.env('username');\nvar password = Cypress.env('password');\ncy.visit('https://playground.primarybid.com', {\n  auth: {\n    username: username,\n    password: password\n  }\n});\ncy.wait(3000);\ncy.contains('Sign up').should('be.visible').click();\nfunction Name_Alpha_Email() {\n  var text = \"\";\n  var possible = \"primary1233456789@yahoo.com\";\n  for (var i = 0; i < 10; i++) {\n    text += possible.charAt(Math.floor(Math.random() * possible.length));\n  }\n  return text;\n} //generate the string and store it in a variable\n\nvar randomEmail = Name_Alpha_Email();\ncy.get('input[name=\"email\"]').type(randomEmail);\ncy.wait(3000);\nfunction Name_Alpha_Password() {\n  var text = \"\";\n  var possible = \"ABCDEFGHIJKLMNOPQRSTUVWXYZabcdefghijklmnopqrstuvwxyz0123456789\";\n  for (var i = 0; i < 10; i++) {\n    text += possible.charAt(Math.floor(Math.random() * possible.length));\n  }\n  return text;\n}\nvar randomPassword = Name_Alpha_Password();\ncy.get('input[name=\"password\"]').type(randomPassword);\ncy.wait(3000);\nfunction Name_Alpha_Confirmpassword() {\n  var text = \"\";\n  var possible = \"ABCDEFGHIJKLMNOPQRSTUVWXYZabcdefghijklmnopqrstuvwxyz0123456789\";\n  for (var i = 0; i < 10; i++) {\n    text += possible.charAt(Math.floor(Math.random() * possible.length));\n  }\n  return text;\n}\nvar randomConfirmpassword = Name_Alpha_Confirmpassword();\ncy.get('input[name=\"confirmPassword\"]').type(randomConfirmpassword);\ncy.wait(3000);\ncy.get('.cta-1').click();",
              "err": {},
              "uuid": "a0edfc57-4e23-4743-8af7-9774833ce0d2",
              "parentUUID": "f4193689-eda9-46bf-a132-c425b7093a2f",
              "isHook": false,
              "skipped": false
            }
          ],
          "suites": [],
          "passes": [
            "a0edfc57-4e23-4743-8af7-9774833ce0d2"
          ],
          "failures": [],
          "pending": [],
          "skipped": [],
          "duration": 14364,
          "root": false,
          "rootEmpty": false,
          "_timeout": 2000
        }
      ],
      "passes": [],
      "failures": [],
      "pending": [],
      "skipped": [],
      "duration": 0,
      "root": true,
      "rootEmpty": true,
      "_timeout": 2000
    }
  ],
  "meta": {
    "mocha": {
      "version": "7.0.1"
    },
    "mochawesome": {
      "options": {
        "quiet": false,
        "reportFilename": "mochawesome",
        "saveHtml": false,
        "saveJson": true,
        "consoleReporter": "spec",
        "useInlineDiffs": false,
        "code": true
      },
      "version": "6.1.1"
    },
    "marge": {
      "options": {
        "id": "default",
        "reportDir": "cypress/reports/mocha",
        "quite": true,
        "overwrite": false,
        "html": false,
        "json": true
      },
      "version": "5.1.0"
    }
  }
}